1585780538091	mozrunner::runner	INFO	Running command: "/usr/bin/firefox" "-marionette" "-foreground" "-no-remote" "-profile" "/tmp/rust_mozprofileUIKy4I"
1585780543666	addons.webextension.doh-rollout@mozilla.org	WARN	Loading extension 'doh-rollout@mozilla.org': Reading manifest: Invalid extension permission: networkStatus
1585780545842	addons.webextension.screenshots@mozilla.org	WARN	Loading extension 'screenshots@mozilla.org': Reading manifest: Invalid extension permission: mozillaAddons
1585780545842	addons.webextension.screenshots@mozilla.org	WARN	Loading extension 'screenshots@mozilla.org': Reading manifest: Invalid extension permission: telemetry
1585780545843	addons.webextension.screenshots@mozilla.org	WARN	Loading extension 'screenshots@mozilla.org': Reading manifest: Invalid extension permission: resource://pdf.js/
1585780545843	addons.webextension.screenshots@mozilla.org	WARN	Loading extension 'screenshots@mozilla.org': Reading manifest: Invalid extension permission: about:reader*
1585780552838	Marionette	INFO	Listening on port 41671
1585780553021	Marionette	WARN	TLS certificate errors will be ignored for this session
1585780566882	Marionette	INFO	Stopped listening on port 41671
1585781503443	mozrunner::runner	INFO	Running command: "/usr/bin/firefox" "-marionette" "-foreground" "-no-remote" "-profile" "/tmp/rust_mozprofilei83Lzh"
1585781504137	addons.webextension.doh-rollout@mozilla.org	WARN	Loading extension 'doh-rollout@mozilla.org': Reading manifest: Invalid extension permission: networkStatus
1585781505503	addons.webextension.screenshots@mozilla.org	WARN	Loading extension 'screenshots@mozilla.org': Reading manifest: Invalid extension permission: mozillaAddons
1585781505503	addons.webextension.screenshots@mozilla.org	WARN	Loading extension 'screenshots@mozilla.org': Reading manifest: Invalid extension permission: telemetry
1585781505503	addons.webextension.screenshots@mozilla.org	WARN	Loading extension 'screenshots@mozilla.org': Reading manifest: Invalid extension permission: resource://pdf.js/
1585781505504	addons.webextension.screenshots@mozilla.org	WARN	Loading extension 'screenshots@mozilla.org': Reading manifest: Invalid extension permission: about:reader*
1585781507937	Marionette	INFO	Listening on port 35153
1585781507961	Marionette	WARN	TLS certificate errors will be ignored for this session
JavaScript error: resource://gre/actors/AutoCompleteChild.jsm, line 196: Error: Invalid autocomplete selectedIndex
1585781512353	Marionette	INFO	Stopped listening on port 35153
JavaScript error: resource://gre/modules/UrlClassifierListManager.jsm, line 680: TypeError: this.tablesData[table] is undefined
1586045569216	mozrunner::runner	INFO	Running command: "/usr/bin/firefox" "-marionette" "-foreground" "-no-remote" "-profile" "/tmp/rust_mozprofileBDRLQT"
1586045580132	addons.webextension.doh-rollout@mozilla.org	WARN	Loading extension 'doh-rollout@mozilla.org': Reading manifest: Invalid extension permission: networkStatus
1586045582458	addons.webextension.screenshots@mozilla.org	WARN	Loading extension 'screenshots@mozilla.org': Reading manifest: Invalid extension permission: mozillaAddons
1586045582458	addons.webextension.screenshots@mozilla.org	WARN	Loading extension 'screenshots@mozilla.org': Reading manifest: Invalid extension permission: telemetry
1586045582459	addons.webextension.screenshots@mozilla.org	WARN	Loading extension 'screenshots@mozilla.org': Reading manifest: Invalid extension permission: resource://pdf.js/
1586045582459	addons.webextension.screenshots@mozilla.org	WARN	Loading extension 'screenshots@mozilla.org': Reading manifest: Invalid extension permission: about:reader*
1586045598767	Marionette	INFO	Listening on port 38471
1586045598867	Marionette	WARN	TLS certificate errors will be ignored for this session
JavaScript error: resource:///modules/SearchTelemetry.jsm, line 658: TypeError: channel.loadInfo is null
JavaScript error: resource:///modules/SearchTelemetry.jsm, line 658: TypeError: channel.loadInfo is null
JavaScript error: resource:///modules/SearchTelemetry.jsm, line 658: TypeError: channel.loadInfo is null
JavaScript error: resource:///modules/SearchTelemetry.jsm, line 658: TypeError: channel.loadInfo is null
JavaScript error: resource:///modules/SearchTelemetry.jsm, line 658: TypeError: channel.loadInfo is null
JavaScript error: resource:///modules/SearchTelemetry.jsm, line 658: TypeError: channel.loadInfo is null
JavaScript error: resource:///modules/SearchTelemetry.jsm, line 658: TypeError: channel.loadInfo is null
JavaScript error: resource:///modules/SearchTelemetry.jsm, line 658: TypeError: channel.loadInfo is null
JavaScript error: resource:///modules/SearchTelemetry.jsm, line 658: TypeError: channel.loadInfo is null
JavaScript error: resource:///modules/SearchTelemetry.jsm, line 658: TypeError: channel.loadInfo is null
JavaScript error: resource:///modules/SearchTelemetry.jsm, line 658: TypeError: channel.loadInfo is null
JavaScript error: resource:///modules/SearchTelemetry.jsm, line 658: TypeError: channel.loadInfo is null
JavaScript error: resource:///modules/SearchTelemetry.jsm, line 658: TypeError: channel.loadInfo is null
JavaScript error: resource:///modules/SearchTelemetry.jsm, line 658: TypeError: channel.loadInfo is null
JavaScript error: resource:///modules/SearchTelemetry.jsm, line 658: TypeError: channel.loadInfo is null
JavaScript error: resource:///modules/SearchTelemetry.jsm, line 658: TypeError: channel.loadInfo is null
JavaScript error: resource:///modules/SearchTelemetry.jsm, line 658: TypeError: channel.loadInfo is null
JavaScript error: resource:///modules/SearchTelemetry.jsm, line 658: TypeError: channel.loadInfo is null
JavaScript error: resource:///modules/SearchTelemetry.jsm, line 658: TypeError: channel.loadInfo is null
JavaScript error: resource:///modules/SearchTelemetry.jsm, line 658: TypeError: channel.loadInfo is null
JavaScript error: resource:///modules/SearchTelemetry.jsm, line 658: TypeError: channel.loadInfo is null
JavaScript error: resource:///modules/SearchTelemetry.jsm, line 658: TypeError: channel.loadInfo is null
JavaScript error: resource:///modules/SearchTelemetry.jsm, line 658: TypeError: channel.loadInfo is null
JavaScript error: resource:///modules/SearchTelemetry.jsm, line 658: TypeError: channel.loadInfo is null
JavaScript error: resource:///modules/SearchTelemetry.jsm, line 658: TypeError: channel.loadInfo is null
JavaScript error: resource:///modules/SearchTelemetry.jsm, line 658: TypeError: channel.loadInfo is null
1586045649058	Marionette	INFO	Stopped listening on port 38471

###!!! [Child][MessageChannel] Error: (msgtype=0x590011,name=PHttpChannel::Msg___delete__) Channel closing: too late to send/recv, messages will be lost


###!!! [Child][RunMessage] Error: Channel closing: too late to send/recv, messages will be lost

console.error: (new Error("SessionFile is closed", "resource:///modules/sessionstore/SessionFile.jsm", 433))
1586046546346	mozrunner::runner	INFO	Running command: "/usr/bin/firefox" "-marionette" "-headless" "-foreground" "-no-remote" "-profile" "/tmp/rust_mozprofileKFGl7T"
*** You are running in headless mode.
1586046548172	addons.webextension.doh-rollout@mozilla.org	WARN	Loading extension 'doh-rollout@mozilla.org': Reading manifest: Invalid extension permission: networkStatus
1586046550239	addons.webextension.screenshots@mozilla.org	WARN	Loading extension 'screenshots@mozilla.org': Reading manifest: Invalid extension permission: mozillaAddons
1586046550239	addons.webextension.screenshots@mozilla.org	WARN	Loading extension 'screenshots@mozilla.org': Reading manifest: Invalid extension permission: telemetry
1586046550239	addons.webextension.screenshots@mozilla.org	WARN	Loading extension 'screenshots@mozilla.org': Reading manifest: Invalid extension permission: resource://pdf.js/
1586046550240	addons.webextension.screenshots@mozilla.org	WARN	Loading extension 'screenshots@mozilla.org': Reading manifest: Invalid extension permission: about:reader*
1586046558623	Marionette	INFO	Listening on port 36073
1586046558733	Marionette	WARN	TLS certificate errors will be ignored for this session
1586046636854	mozrunner::runner	INFO	Running command: "/usr/bin/firefox" "-marionette" "-headless" "-foreground" "-no-remote" "-profile" "/tmp/rust_mozprofileIvwMQA"
*** You are running in headless mode.
1586046638367	addons.webextension.doh-rollout@mozilla.org	WARN	Loading extension 'doh-rollout@mozilla.org': Reading manifest: Invalid extension permission: networkStatus
1586046640640	addons.webextension.screenshots@mozilla.org	WARN	Loading extension 'screenshots@mozilla.org': Reading manifest: Invalid extension permission: mozillaAddons
1586046640640	addons.webextension.screenshots@mozilla.org	WARN	Loading extension 'screenshots@mozilla.org': Reading manifest: Invalid extension permission: telemetry
1586046640641	addons.webextension.screenshots@mozilla.org	WARN	Loading extension 'screenshots@mozilla.org': Reading manifest: Invalid extension permission: resource://pdf.js/
1586046640643	addons.webextension.screenshots@mozilla.org	WARN	Loading extension 'screenshots@mozilla.org': Reading manifest: Invalid extension permission: about:reader*
1586046646993	Marionette	INFO	Listening on port 34217
1586046647097	Marionette	WARN	TLS certificate errors will be ignored for this session
JavaScript error: , line 0: uncaught exception: undefined
1586046687694	Marionette	INFO	Stopped listening on port 34217
JavaScript error: https://www.googletagmanager.com/gtm.js?id=GTM-WL4QW3G, line 220: NS_ERROR_NOT_INITIALIZED: 
